Arguments: 
  /home/rafly/.nvm/versions/node/v18.16.0/bin/node /mnt/c/Program Files (x86)/Yarn/bin/yarn.js global bin

PATH: 
  /home/rafly/.nvm/versions/node/v18.16.0/bin:/usr/local/sbin:/usr/local/bin:/usr/sbin:/usr/bin:/sbin:/bin:/usr/games:/usr/local/games:/usr/lib/wsl/lib:/mnt/c/WINDOWS/system32:/mnt/c/WINDOWS:/mnt/c/WINDOWS/System32/Wbem:/mnt/c/WINDOWS/System32/WindowsPowerShell/v1.0/:/mnt/c/WINDOWS/System32/OpenSSH/:/mnt/c/ProgramData/chocolatey/bin:/mnt/c/ProgramData/nvm:/mnt/c/Program Files/nodejs:/mnt/c/Program Files (x86)/Yarn/bin/:/mnt/c/Program Files/dotnet/:/mnt/c/Program Files/Cloudflare/Cloudflare WARP/:/mnt/c/xampp/php:/mnt/c/ProgramData/ComposerSetup/bin:/mnt/e/Programs/PuTTY/:/mnt/c/Program Files (x86)/Microsoft SQL Server/160/DTS/Binn/:/mnt/c/Users/rafly.huda/AppData/Roaming/.dotnet:/mnt/c/Users/rafly.huda/AppData/Local/Microsoft/WindowsApps:/mnt/c/Users/rafly.huda/AppData/Local/Programs/Microsoft VS Code/bin:/mnt/c/Users/rafly.huda/AppData/Local/Programs/Git/cmd:/mnt/c/Users/rafly.huda/.dotnet/tools:/mnt/c/Users/rafly.huda/AppData/Local/Programs/VSCodium/bin:/mnt/c/Users/rafly.huda/AppData/Local/Programs/oh-my-posh/bin

Yarn version: 
  1.22.19

Node version: 
  18.16.0

Platform: 
  linux x64

Trace: 
  SyntaxError: /home/rafly/code/backend-template/package.json: Unexpected token } in JSON at position 234
      at JSON.parse (<anonymous>)
      at /mnt/c/Program Files (x86)/Yarn/lib/cli.js:1629:59
      at Generator.next (<anonymous>)
      at step (/mnt/c/Program Files (x86)/Yarn/lib/cli.js:310:30)
      at /mnt/c/Program Files (x86)/Yarn/lib/cli.js:321:13

npm manifest: 
  {
    "name": "backend-template",
    "version": "1.0.0",
    "main": "index.js",
    "license": "MIT",
    "keywords": [],
    "description":"",
    "author":{
      "name":"Muhammad Rafly Huda",
      "email":"mraflyhudaa@gmail.com",
      "url":"",
    },
     
  }

yarn manifest: 
  No manifest

Lockfile: 
  No lockfile
